[2026-03-05 13:49:41] /hair-aura/admin/media/sync | BaseURL: N/A | PublicFromDocRoot: /hair-aura/public
[2026-03-05 13:49:42] /hair-aura/admin/media | BaseURL: N/A | PublicFromDocRoot: /hair-aura/public
[2026-03-05 13:50:12] /hair-aura/admin/media | BaseURL: N/A | PublicFromDocRoot: /hair-aura/public
[2026-03-05 23:34:23] /hair-aura/logout | BaseURL: N/A | PublicFromDocRoot: /hair-aura/public
[2026-03-05 23:34:23] /hair-aura/ | BaseURL: N/A | PublicFromDocRoot: /hair-aura/public
[2026-03-05 23:34:55] /hair-aura/blog?page=3 | BaseURL: N/A | PublicFromDocRoot: /hair-aura/public
[2026-03-05 23:35:44] /hair-aura/logout | BaseURL: N/A | PublicFromDocRoot: /hair-aura/public
[2026-03-05 23:35:44] /hair-aura/ | BaseURL: N/A | PublicFromDocRoot: /hair-aura/public
[2026-03-05 23:35:45] /hair-aura/logout | BaseURL: N/A | PublicFromDocRoot: /hair-aura/public
[2026-03-05 23:35:45] /hair-aura/ | BaseURL: N/A | PublicFromDocRoot: /hair-aura/public
[2026-03-05 23:36:32] /hair-aura/logout | BaseURL: N/A | PublicFromDocRoot: /hair-aura/public
[2026-03-05 23:36:32] /hair-aura/ | BaseURL: N/A | PublicFromDocRoot: /hair-aura/public
[2026-03-05 23:36:45] /hair-aura/logout | BaseURL: N/A | PublicFromDocRoot: /hair-aura/public
[2026-03-05 23:36:45] /hair-aura/ | BaseURL: N/A | PublicFromDocRoot: /hair-aura/public
[2026-03-09 23:50:54] /hair-aura/ | BaseURL: N/A | PublicFromDocRoot: /hair-aura/public
[2026-03-09 23:51:04] /hair-aura/ | BaseURL: N/A | PublicFromDocRoot: /hair-aura/public
[2026-03-09 23:51:07] /hair-aura/ | BaseURL: N/A | PublicFromDocRoot: /hair-aura/public
[2026-03-09 23:55:28] /hair-aura/shop | BaseURL: N/A | PublicFromDocRoot: /hair-aura/public
[2026-03-09 23:58:29] /hair-aura/blog | BaseURL: N/A | PublicFromDocRoot: /hair-aura/public
[2026-03-10 00:05:59] /hair-aura/shop | BaseURL: N/A | PublicFromDocRoot: /hair-aura/public
[2026-03-10 00:25:07] /hair-aura/shop | BaseURL: N/A | PublicFromDocRoot: /hair-aura/public
[2026-03-10 00:25:08] /hair-aura/shop | BaseURL: N/A | PublicFromDocRoot: /hair-aura/public
[2026-03-10 00:26:37] /hair-aura/shop | BaseURL: N/A | PublicFromDocRoot: /hair-aura/public
[2026-03-10 00:28:44] /hair-aura/shop/bone-straight-hair | BaseURL: N/A | PublicFromDocRoot: /hair-aura/public
[2026-03-10 00:28:51] /hair-aura/shop/body-wave-hair | BaseURL: N/A | PublicFromDocRoot: /hair-aura/public
[2026-03-10 00:28:59] /hair-aura/blog | BaseURL: N/A | PublicFromDocRoot: /hair-aura/public
[2026-03-10 00:30:07] /hair-aura/blog?category=Bridal | BaseURL: N/A | PublicFromDocRoot: /hair-aura/public
[2026-03-10 00:30:11] /hair-aura/blog | BaseURL: N/A | PublicFromDocRoot: /hair-aura/public
[2026-03-10 00:30:17] /hair-aura/blog/ethical-hair-sourcing-sustainability-2026 | BaseURL: N/A | PublicFromDocRoot: /hair-aura/public
[2026-03-10 00:30:42] /hair-aura/blog | BaseURL: N/A | PublicFromDocRoot: /hair-aura/public
[2026-03-10 00:31:09] /hair-aura/shop | BaseURL: N/A | PublicFromDocRoot: /hair-aura/public
[2026-03-10 00:31:28] /hair-aura/shop | BaseURL: N/A | PublicFromDocRoot: /hair-aura/public
[2026-03-10 00:33:08] /hair-aura/product/brazilian-body-wave-lace-front | BaseURL: N/A | PublicFromDocRoot: /hair-aura/public
[2026-03-10 00:33:19] /hair-aura/shop | BaseURL: N/A | PublicFromDocRoot: /hair-aura/public
[2026-03-10 00:33:44] /hair-aura/ | BaseURL: N/A | PublicFromDocRoot: /hair-aura/public
[2026-03-10 00:36:32] /hair-aura/ | BaseURL: N/A | PublicFromDocRoot: /hair-aura/public
[2026-03-10 00:39:10] /hair-aura/ | BaseURL: N/A | PublicFromDocRoot: /hair-aura/public
[2026-03-10 00:40:44] /hair-aura/ | BaseURL: N/A | PublicFromDocRoot: /hair-aura/public
[2026-03-10 00:41:15] /hair-aura/ | BaseURL: N/A | PublicFromDocRoot: /hair-aura/public
[2026-03-10 00:41:44] /hair-aura/ | BaseURL: N/A | PublicFromDocRoot: /hair-aura/public
